<?xml version="1.0" encoding="UTF-8"?>
<testng-results ignored="0" total="0" passed="0" failed="0" skipped="0">
  <reporter-output>
  </reporter-output>
  <suite started-at="2026-03-16T16:08:32 IST" name="ResIQ_Suite" finished-at="2026-03-16T16:08:32 IST" duration-ms="7">
    <groups>
    </groups>
    <test started-at="2026-03-16T16:08:32 IST" name="Batch_Run" finished-at="2026-03-16T16:08:32 IST" duration-ms="7">
    </test> <!-- Batch_Run -->
  </suite> <!-- ResIQ_Suite -->
</testng-results>
